<?xml version="1.0" encoding="UTF-8"?>
<!-- Generated by org.testng.reporters.JUnitReportReporter -->
<testsuite skipped="0" hostname="DESKTOP-F5R25D7" name="com.training.sanity.tests.RegisterTests" tests="1" failures="0" timestamp="11 Jan 2019 12:41:29 GMT" time="23.229" errors="0">
  <testcase name="validRegisterTest" time="23.229" classname="com.training.sanity.tests.RegisterTests"/>
</testsuite> <!-- com.training.sanity.tests.RegisterTests -->
