<?xml version="1.0" encoding="UTF-8"?>
<!-- Generated by org.testng.reporters.JUnitReportReporter -->
<testsuite skipped="0" hostname="DESKTOP-F5R25D7" name="com.training.sanity.tests.ModifyMemberProfileTests" tests="1" failures="0" timestamp="11 Jan 2019 17:44:00 GMT" time="15.614" errors="0">
  <testcase name="validLoginTest" time="15.614" classname="com.training.sanity.tests.ModifyMemberProfileTests"/>
</testsuite> <!-- com.training.sanity.tests.ModifyMemberProfileTests -->
