<?xml version="1.0" encoding="UTF-8"?>
<!-- Generated by org.testng.reporters.JUnitReportReporter -->
<testsuite skipped="0" hostname="DESKTOP-F5R25D7" name="com.training.sanity.tests.MemberLoginTests" tests="1" failures="0" timestamp="11 Jan 2019 17:25:30 GMT" time="19.194" errors="0">
  <testcase name="validLoginTest" time="19.194" classname="com.training.sanity.tests.MemberLoginTests"/>
</testsuite> <!-- com.training.sanity.tests.MemberLoginTests -->
