<?xml version="1.0" encoding="UTF-8"?>
<!-- Generated by org.testng.reporters.JUnitReportReporter -->
<testsuite skipped="0" hostname="DESKTOP-F5R25D7" name="com.training.sanity.tests.ComplexRegisterTests" tests="2" failures="0" timestamp="01 Feb 2019 06:05:45 GMT" time="64.915" errors="0">
  <testcase name="registerDBTest" time="32.969" classname="com.training.sanity.tests.ComplexRegisterTests"/>
  <testcase name="registerDBTest" time="31.946" classname="com.training.sanity.tests.ComplexRegisterTests"/>
</testsuite> <!-- com.training.sanity.tests.ComplexRegisterTests -->
