<?xml version="1.0" encoding="UTF-8"?>
<!-- Generated by org.testng.reporters.JUnitReportReporter -->
<testsuite skipped="0" hostname="DESKTOP-F5R25D7" name="com.training.sanity.tests.AdminAccesstoUserTests" tests="1" failures="0" timestamp="11 Jan 2019 16:49:53 GMT" time="19.894" errors="0">
  <testcase name="validLoginTest" time="19.894" classname="com.training.sanity.tests.AdminAccesstoUserTests"/>
</testsuite> <!-- com.training.sanity.tests.AdminAccesstoUserTests -->
