<?xml version="1.0" encoding="UTF-8"?>
<!-- Generated by org.testng.reporters.JUnitReportReporter -->
<testsuite skipped="0" hostname="DESKTOP-F5R25D7" name="com.training.sanity.tests.AdminAccesstoMultipleUsersTests" tests="3" failures="0" timestamp="01 Feb 2019 06:08:22 GMT" time="42.724" errors="0">
  <testcase name="validLoginTest" time="14.001" classname="com.training.sanity.tests.AdminAccesstoMultipleUsersTests"/>
  <testcase name="validLoginTest" time="14.205" classname="com.training.sanity.tests.AdminAccesstoMultipleUsersTests"/>
  <testcase name="validLoginTest" time="14.518" classname="com.training.sanity.tests.AdminAccesstoMultipleUsersTests"/>
</testsuite> <!-- com.training.sanity.tests.AdminAccesstoMultipleUsersTests -->
