<?xml version="1.0" encoding="UTF-8"?>
<!-- Generated by org.testng.reporters.JUnitReportReporter -->
<testsuite skipped="0" hostname="DESKTOP-F5R25D7" name="com.training.regression.tests.LoginDBTest" tests="2" failures="0" timestamp="30 Jan 2019 13:18:51 GMT" time="16.352" errors="0">
  <testcase name="loginDBTest" time="7.419" classname="com.training.regression.tests.LoginDBTest"/>
  <testcase name="loginDBTest" time="8.933" classname="com.training.regression.tests.LoginDBTest"/>
</testsuite> <!-- com.training.regression.tests.LoginDBTest -->
