<?xml version="1.0" encoding="UTF-8"?>
<!-- Generated by org.testng.reporters.JUnitReportReporter -->
<testsuite skipped="0" hostname="DESKTOP-F5R25D7" name="com.training.sanity.tests.MemberLoginTests" tests="1" failures="0" timestamp="10 Jan 2019 14:34:21 GMT" time="10.252" errors="0">
  <testcase name="validLoginTest" time="10.252" classname="com.training.sanity.tests.MemberLoginTests"/>
</testsuite> <!-- com.training.sanity.tests.MemberLoginTests -->
