<?xml version="1.0" encoding="UTF-8"?>
<!-- Generated by org.testng.reporters.JUnitReportReporter -->
<testsuite skipped="0" hostname="DESKTOP-F5R25D7" name="com.training.sanity.tests.AdverAddTests" tests="1" failures="0" timestamp="22 Jan 2019 05:25:09 GMT" time="33.383" errors="0">
  <testcase name="adverAddTest" time="33.383" classname="com.training.sanity.tests.AdverAddTests"/>
</testsuite> <!-- com.training.sanity.tests.AdverAddTests -->
