<?xml version="1.0" encoding="UTF-8"?>
<!-- Generated by org.testng.reporters.JUnitReportReporter -->
<testsuite skipped="0" hostname="DESKTOP-F5R25D7" name="com.training.sanity.tests.MemberPaymntDetailsTests" tests="1" failures="0" timestamp="21 Jan 2019 11:28:24 GMT" time="30.211" errors="0">
  <testcase name="memberPaymntDetailsTest" time="30.211" classname="com.training.sanity.tests.MemberPaymntDetailsTests"/>
</testsuite> <!-- com.training.sanity.tests.MemberPaymntDetailsTests -->
