<?xml version="1.0" encoding="UTF-8"?>
<!-- Generated by org.testng.reporters.JUnitReportReporter -->
<testsuite skipped="0" hostname="DESKTOP-F5R25D7" name="com.training.sanity.tests.LoginTests" tests="1" failures="0" timestamp="11 Jan 2019 12:31:33 GMT" time="8.918" errors="0">
  <testcase name="validLoginTest" time="8.918" classname="com.training.sanity.tests.LoginTests"/>
</testsuite> <!-- com.training.sanity.tests.LoginTests -->
