<?xml version="1.0" encoding="UTF-8"?>
<!-- Generated by org.testng.reporters.JUnitReportReporter -->
<testsuite skipped="0" hostname="DESKTOP-F5R25D7" name="com.training.sanity.tests.LoanDetailsTests" tests="1" failures="0" timestamp="21 Jan 2019 12:40:20 GMT" time="18.490" errors="0">
  <testcase name="loanDetailsTest" time="18.490" classname="com.training.sanity.tests.LoanDetailsTests"/>
</testsuite> <!-- com.training.sanity.tests.LoanDetailsTests -->
