<?xml version="1.0" encoding="UTF-8"?>
<!-- Generated by org.testng.reporters.JUnitReportReporter -->
<testsuite skipped="0" hostname="DESKTOP-F5R25D7" name="com.training.sanity.tests.NewMemberTests" tests="1" failures="0" timestamp="31 Jan 2019 18:36:10 GMT" time="26.105" errors="0">
  <testcase name="newMemberTest" time="26.105" classname="com.training.sanity.tests.NewMemberTests"/>
</testsuite> <!-- com.training.sanity.tests.NewMemberTests -->
