<?xml version="1.0" encoding="UTF-8"?>
<!-- Generated by org.testng.reporters.JUnitReportReporter -->
<testsuite skipped="0" hostname="DESKTOP-F5R25D7" name="com.training.sanity.tests.LoanRepayTests" tests="1" failures="0" timestamp="21 Jan 2019 17:05:21 GMT" time="16.778" errors="0">
  <testcase name="LoanRepayTest" time="16.778" classname="com.training.sanity.tests.LoanRepayTests"/>
</testsuite> <!-- com.training.sanity.tests.LoanRepayTests -->
