<?xml version="1.0" encoding="UTF-8"?>
<!-- Generated by org.testng.reporters.JUnitReportReporter -->
<testsuite skipped="0" hostname="DESKTOP-F5R25D7" name="com.training.sanity.tests.MbrSysPaymntTests" tests="1" failures="0" timestamp="21 Jan 2019 18:11:12 GMT" time="11.111" errors="0">
  <testcase name="mbrSysPaymntTest" time="11.111" classname="com.training.sanity.tests.MbrSysPaymntTests"/>
</testsuite> <!-- com.training.sanity.tests.MbrSysPaymntTests -->
